<?xml version="1.0" encoding="UTF-8"?>
<!-- Generated by org.testng.reporters.JUnitReportReporter -->
<testsuite hostname="DESKTOP-HPG8DBN" failures="0" tests="1" name="testCases.TC001_AccountRegistraition" time="2.890" errors="0" timestamp="2024-11-02T10:29:54 IST" skipped="0">
  <testcase classname="testCases.TC001_AccountRegistraition" name="Reg_test" time="2.890"/>
</testsuite> <!-- testCases.TC001_AccountRegistraition -->
