<?xml version="1.0" encoding="UTF-8"?>
<!-- Generated by org.testng.reporters.JUnitReportReporter -->
<testsuite hostname="DESKTOP-HPG8DBN" failures="0" tests="1" name="testCases.TC003_Login_Varification_DDT" time="2.224" errors="0" timestamp="2024-11-02T06:27:48 IST" skipped="0">
  <testcase classname="testCases.TC003_Login_Varification_DDT" name="LoginVarificationDDT" time="2.224"/>
</testsuite> <!-- testCases.TC003_Login_Varification_DDT -->
