<?xml version="1.0" encoding="UTF-8"?>
<!-- Generated by org.testng.reporters.JUnitReportReporter -->
<testsuite hostname="DESKTOP-HPG8DBN" failures="0" tests="5" name="testCases.TC003_Login_Varification_DDT" time="62.438" errors="0" timestamp="2024-11-03T05:59:33 IST" skipped="0">
  <testcase classname="testCases.TC003_Login_Varification_DDT" name="LoginVarificationDDT" time="4.847"/>
  <testcase classname="testCases.TC003_Login_Varification_DDT" name="LoginVarificationDDT" time="32.210"/>
  <testcase classname="testCases.TC003_Login_Varification_DDT" name="LoginVarificationDDT" time="11.583"/>
  <testcase classname="testCases.TC003_Login_Varification_DDT" name="LoginVarificationDDT" time="2.224"/>
  <testcase classname="testCases.TC003_Login_Varification_DDT" name="LoginVarificationDDT" time="11.574"/>
</testsuite> <!-- testCases.TC003_Login_Varification_DDT -->
