<?xml version="1.0" encoding="UTF-8"?>
<!-- Generated by org.testng.reporters.JUnitReportReporter -->
<testsuite hostname="DESKTOP-HPG8DBN" failures="0" tests="1" name="testCases.TC002_Login_Varification" time="2.961" errors="0" timestamp="2024-11-03T05:59:33 IST" skipped="0">
  <testcase classname="testCases.TC002_Login_Varification" name="Login_Page_Varification" time="2.961"/>
</testsuite> <!-- testCases.TC002_Login_Varification -->
