<?xml version="1.0" encoding="UTF-8"?>
<!-- Generated by org.testng.reporters.JUnitReportReporter -->
<testsuite hostname="DESKTOP-HPG8DBN" failures="0" tests="1" name="testCases.TC001_AccountRegistraition" time="3.683" errors="0" timestamp="2024-11-03T05:59:33 IST" skipped="0">
  <testcase classname="testCases.TC001_AccountRegistraition" name="Reg_test" time="3.683"/>
</testsuite> <!-- testCases.TC001_AccountRegistraition -->
